# JRE version: OpenJDK Runtime Environment (11.0.3+12) (build 11.0.3+12-b304.56)
# Java VM: OpenJDK 64-Bit Server VM (11.0.3+12-b304.56, mixed mode, sharing, tiered, compressed oops, g1 gc, windows-amd64)
Heap:
 garbage-first heap   total 340992K, used 176967K [0x0000000740000000, 0x0000000800000000)
  region size 1024K, 40 young (40960K), 1 survivors (1024K)
 Metaspace       used 59303K, capacity 61309K, committed 61440K, reserved 1101824K
  class space    used 8106K, capacity 8893K, committed 8960K, reserved 1048576K
GC Heap History (10 events):
Event: 11.861 GC heap before
{Heap before GC invocations=31 (full 0):
 garbage-first heap   total 283648K, used 130888K [0x0000000740000000, 0x0000000800000000)
  region size 1024K, 4 young (4096K), 1 survivors (1024K)
 Metaspace       used 59060K, capacity 61136K, committed 61440K, reserved 1101824K
  class space    used 8095K, capacity 8884K, committed 8960K, reserved 1048576K
}
Event: 11.863 GC heap after
{Heap after GC invocations=32 (full 0):
 garbage-first heap   total 283648K, used 65352K [0x0000000740000000, 0x0000000800000000)
  region size 1024K, 1 young (1024K), 1 survivors (1024K)
 Metaspace       used 59060K, capacity 61136K, committed 61440K, reserved 1101824K
  class space    used 8095K, capacity 8884K, committed 8960K, reserved 1048576K
}
Event: 11.965 GC heap before
{Heap before GC invocations=33 (full 0):
 garbage-first heap   total 283648K, used 127816K [0x0000000740000000, 0x0000000800000000)
  region size 1024K, 4 young (4096K), 1 survivors (1024K)
 Metaspace       used 59061K, capacity 61136K, committed 61440K, reserved 1101824K
  class space    used 8095K, capacity 8884K, committed 8960K, reserved 1048576K
}
Event: 11.966 GC heap after
{Heap after GC invocations=34 (full 0):
 garbage-first heap   total 283648K, used 76615K [0x0000000740000000, 0x0000000800000000)
  region size 1024K, 1 young (1024K), 1 survivors (1024K)
 Metaspace       used 59061K, capacity 61136K, committed 61440K, reserved 1101824K
  class space    used 8095K, capacity 8884K, committed 8960K, reserved 1048576K
}
Event: 12.023 GC heap before
{Heap before GC invocations=35 (full 0):
 garbage-first heap   total 283648K, used 116551K [0x0000000740000000, 0x0000000800000000)
  region size 1024K, 2 young (2048K), 1 survivors (1024K)
 Metaspace       used 59061K, capacity 61136K, committed 61440K, reserved 1101824K
  class space    used 8095K, capacity 8884K, committed 8960K, reserved 1048576K
}
Event: 12.025 GC heap after
{Heap after GC invocations=36 (full 0):
 garbage-first heap   total 283648K, used 85820K [0x0000000740000000, 0x0000000800000000)
  region size 1024K, 1 young (1024K), 1 survivors (1024K)
 Metaspace       used 59061K, capacity 61136K, committed 61440K, reserved 1101824K
  class space    used 8095K, capacity 8884K, committed 8960K, reserved 1048576K
}
Event: 12.119 GC heap before
{Heap before GC invocations=37 (full 0):
 garbage-first heap   total 283648K, used 127804K [0x0000000740000000, 0x0000000800000000)
  region size 1024K, 3 young (3072K), 1 survivors (1024K)
 Metaspace       used 59061K, capacity 61136K, committed 61440K, reserved 1101824K
  class space    used 8095K, capacity 8884K, committed 8960K, reserved 1048576K
}
Event: 12.120 GC heap after
{Heap after GC invocations=38 (full 0):
 garbage-first heap   total 283648K, used 65353K [0x0000000740000000, 0x0000000800000000)
  region size 1024K, 1 young (1024K), 1 survivors (1024K)
 Metaspace       used 59061K, capacity 61136K, committed 61440K, reserved 1101824K
  class space    used 8095K, capacity 8884K, committed 8960K, reserved 1048576K
}
Event: 12.211 GC heap before
{Heap before GC invocations=39 (full 0):
 garbage-first heap   total 283648K, used 134985K [0x0000000740000000, 0x0000000800000000)
  region size 1024K, 10 young (10240K), 1 survivors (1024K)
 Metaspace       used 59061K, capacity 61136K, committed 61440K, reserved 1101824K
  class space    used 8095K, capacity 8884K, committed 8960K, reserved 1048576K
}
Event: 12.214 GC heap after
{Heap after GC invocations=40 (full 0):
 garbage-first heap   total 340992K, used 68423K [0x0000000740000000, 0x0000000800000000)
  region size 1024K, 1 young (1024K), 1 survivors (1024K)
 Metaspace       used 59061K, capacity 61136K, committed 61440K, reserved 1101824K
  class space    used 8095K, capacity 8884K, committed 8960K, reserved 1048576K
}

