# JRE version: OpenJDK Runtime Environment (11.0.3+12) (build 11.0.3+12-b304.56)
# Java VM: OpenJDK 64-Bit Server VM (11.0.3+12-b304.56, mixed mode, sharing, tiered, compressed oops, g1 gc, windows-amd64)
Heap:
 garbage-first heap   total 347136K, used 144222K [0x0000000740000000, 0x0000000800000000)
  region size 1024K, 40 young (40960K), 2 survivors (2048K)
 Metaspace       used 63078K, capacity 65255K, committed 65408K, reserved 1105920K
  class space    used 8491K, capacity 9294K, committed 9344K, reserved 1048576K
GC Heap History (10 events):
Event: 71.967 GC heap before
{Heap before GC invocations=63 (full 0):
 garbage-first heap   total 288768K, used 133928K [0x0000000740000000, 0x0000000800000000)
  region size 1024K, 8 young (8192K), 5 survivors (5120K)
 Metaspace       used 62996K, capacity 65198K, committed 65408K, reserved 1105920K
  class space    used 8492K, capacity 9295K, committed 9344K, reserved 1048576K
}
Event: 71.972 GC heap after
{Heap after GC invocations=64 (full 0):
 garbage-first heap   total 288768K, used 68176K [0x0000000740000000, 0x0000000800000000)
  region size 1024K, 5 young (5120K), 5 survivors (5120K)
 Metaspace       used 62996K, capacity 65198K, committed 65408K, reserved 1105920K
  class space    used 8492K, capacity 9295K, committed 9344K, reserved 1048576K
}
Event: 72.080 GC heap before
{Heap before GC invocations=65 (full 0):
 garbage-first heap   total 288768K, used 131664K [0x0000000740000000, 0x0000000800000000)
  region size 1024K, 7 young (7168K), 5 survivors (5120K)
 Metaspace       used 62996K, capacity 65198K, committed 65408K, reserved 1105920K
  class space    used 8492K, capacity 9295K, committed 9344K, reserved 1048576K
}
Event: 72.086 GC heap after
{Heap after GC invocations=66 (full 0):
 garbage-first heap   total 288768K, used 76577K [0x0000000740000000, 0x0000000800000000)
  region size 1024K, 5 young (5120K), 5 survivors (5120K)
 Metaspace       used 62996K, capacity 65198K, committed 65408K, reserved 1105920K
  class space    used 8492K, capacity 9295K, committed 9344K, reserved 1048576K
}
Event: 72.188 GC heap before
{Heap before GC invocations=67 (full 0):
 garbage-first heap   total 288768K, used 128801K [0x0000000740000000, 0x0000000800000000)
  region size 1024K, 9 young (9216K), 5 survivors (5120K)
 Metaspace       used 62996K, capacity 65198K, committed 65408K, reserved 1105920K
  class space    used 8492K, capacity 9295K, committed 9344K, reserved 1048576K
}
Event: 72.196 GC heap after
{Heap after GC invocations=68 (full 0):
 garbage-first heap   total 347136K, used 76449K [0x0000000740000000, 0x0000000800000000)
  region size 1024K, 5 young (5120K), 5 survivors (5120K)
 Metaspace       used 62996K, capacity 65198K, committed 65408K, reserved 1105920K
  class space    used 8492K, capacity 9295K, committed 9344K, reserved 1048576K
}
Event: 72.340 GC heap before
{Heap before GC invocations=69 (full 0):
 garbage-first heap   total 347136K, used 159393K [0x0000000740000000, 0x0000000800000000)
  region size 1024K, 7 young (7168K), 5 survivors (5120K)
 Metaspace       used 62996K, capacity 65198K, committed 65408K, reserved 1105920K
  class space    used 8492K, capacity 9295K, committed 9344K, reserved 1048576K
}
Event: 72.347 GC heap after
{Heap after GC invocations=70 (full 0):
 garbage-first heap   total 347136K, used 66411K [0x0000000740000000, 0x0000000800000000)
  region size 1024K, 3 young (3072K), 3 survivors (3072K)
 Metaspace       used 62996K, capacity 65198K, committed 65408K, reserved 1105920K
  class space    used 8492K, capacity 9295K, committed 9344K, reserved 1048576K
}
Event: 72.487 GC heap before
{Heap before GC invocations=71 (full 0):
 garbage-first heap   total 347136K, used 166763K [0x0000000740000000, 0x0000000800000000)
  region size 1024K, 14 young (14336K), 3 survivors (3072K)
 Metaspace       used 62996K, capacity 65198K, committed 65408K, reserved 1105920K
  class space    used 8492K, capacity 9295K, committed 9344K, reserved 1048576K
}
Event: 72.490 GC heap after
{Heap after GC invocations=72 (full 0):
 garbage-first heap   total 347136K, used 66398K [0x0000000740000000, 0x0000000800000000)
  region size 1024K, 2 young (2048K), 2 survivors (2048K)
 Metaspace       used 62996K, capacity 65198K, committed 65408K, reserved 1105920K
  class space    used 8492K, capacity 9295K, committed 9344K, reserved 1048576K
}

